Using pre-set license
Built from '2020.2/staging' branch; Version is '2020.2.3f1 (8ff31bc5bf5b) revision 9433883'; Using compiler version '192528614'; Build Type 'Release'
OS: 'Windows 10 Pro; OS build 18363.1379; Version 1909; 64bit' Language: 'en' Physical Memory: 16305 MB
BatchMode: 1, IsHumanControllingUs: 0, StartBugReporterOnCrash: 0, Is64bit: 1, IsPro: 0

 COMMAND LINE ARGUMENTS:
C:\Program Files\Unity\Hub\Editor\2020.2.3f1\Editor\Unity.exe
-adb2
-batchMode
-noUpm
-name
AssetImportWorker0
-projectPath
E:/alraice/MD613603-6130702421/Edu6130702421
-logFile
Logs/AssetImportWorker0.log
-srvPort
62573
Successfully changed project path to: E:/alraice/MD613603-6130702421/Edu6130702421
E:/alraice/MD613603-6130702421/Edu6130702421
Using Asset Import Pipeline V2.
Refreshing native plugins compatible for Editor in 31.70 ms, found 0 plugins.
Preloading 0 native plugins for Editor in 0.00 ms.
Initialize engine version: 2020.2.3f1 (8ff31bc5bf5b)
[Subsystems] Discovering subsystems at path C:/Program Files/Unity/Hub/Editor/2020.2.3f1/Editor/Data/Resources/UnitySubsystems
[Subsystems] Discovering subsystems at path E:/alraice/MD613603-6130702421/Edu6130702421/Assets
GfxDevice: creating device client; threaded=0
Direct3D:
    Version:  Direct3D 11.0 [level 11.0]
    Renderer: NVIDIA Quadro K420 (ID=0xff3)
    Vendor:   
    VRAM:     2018 MB
    Driver:   23.21.13.8816
Initialize mono
Mono path[0] = 'C:/Program Files/Unity/Hub/Editor/2020.2.3f1/Editor/Data/Managed'
Mono path[1] = 'C:/Program Files/Unity/Hub/Editor/2020.2.3f1/Editor/Data/MonoBleedingEdge/lib/mono/unityjit'
Mono config path = 'C:/Program Files/Unity/Hub/Editor/2020.2.3f1/Editor/Data/MonoBleedingEdge/etc'
Using monoOptions --debugger-agent=transport=dt_socket,embedding=1,server=y,suspend=n,address=127.0.0.1:56304
Begin MonoManager ReloadAssembly
Registering precompiled unity dll's ...
Register platform support module: C:/Program Files/Unity/Hub/Editor/2020.2.3f1/Editor/Data/PlaybackEngines/WebGLSupport/UnityEditor.WebGL.Extensions.dll
Register platform support module: C:/Program Files/Unity/Hub/Editor/2020.2.3f1/Editor/Data/PlaybackEngines/WindowsStandaloneSupport/UnityEditor.WindowsStandalone.Extensions.dll
Registered in 0.006938 seconds.
Native extension for WindowsStandalone target not found
Native extension for WebGL target not found
Refreshing native plugins compatible for Editor in 31.50 ms, found 0 plugins.
Preloading 0 native plugins for Editor in 0.00 ms.
Invoked RoslynAnalysisRunner static constructor.
RoslynAnalysisRunner will not be running.
RoslynAnalysisRunner has terminated.
Mono: successfully reloaded assembly
- Completed reload, in  2.224 seconds
Platform modules already initialized, skipping
Registering precompiled user dll's ...
Registered in 0.000680 seconds.
Begin MonoManager ReloadAssembly
Native extension for WindowsStandalone target not found
Native extension for WebGL target not found
Refreshing native plugins compatible for Editor in 28.46 ms, found 0 plugins.
Preloading 0 native plugins for Editor in 0.00 ms.
Invoked RoslynAnalysisRunner static constructor.
RoslynAnalysisRunner will not be running.
RoslynAnalysisRunner has terminated.
Mono: successfully reloaded assembly
- Completed reload, in  1.111 seconds
Platform modules already initialized, skipping
========================================================================
Worker process is ready to serve import requests
Launched and connected shader compiler UnityShaderCompiler.exe after 0.06 seconds
Refreshing native plugins compatible for Editor in 0.31 ms, found 0 plugins.
Preloading 0 native plugins for Editor in 0.00 ms.
Unloading 1484 Unused Serialized files (Serialized files now loaded: 0)
System memory in use before: 68.0 MB.
System memory in use after: 68.0 MB.

Unloading 13 unused Assets to reduce memory usage. Loaded Objects now: 1924.
Total: 2.122000 ms (FindLiveObjects: 0.161300 ms CreateObjectMapping: 0.065500 ms MarkObjects: 1.718700 ms  DeleteObjects: 0.175700 ms)

========================================================================
Received Import Request.
  path: Assets
  artifactKey: Guid(00000000000000001000000000000000) Importer(815301076,1909f56bfc062723c751e8b465ee728b)
Start importing Assets using Guid(00000000000000001000000000000000) Importer(815301076,1909f56bfc062723c751e8b465ee728b)  -> (artifact id: '653ce283d384579a24208b2e4d727c2a') in 0.008936 seconds
  Import took 0.011831 seconds .

========================================================================
Received Import Request.
  Time since last request: 3.965983 seconds.
  path: Assets/Marker
  artifactKey: Guid(399bfd78e4e17b8468010a79c97e9073) Importer(815301076,1909f56bfc062723c751e8b465ee728b)
Start importing Assets/Marker using Guid(399bfd78e4e17b8468010a79c97e9073) Importer(815301076,1909f56bfc062723c751e8b465ee728b)  -> (artifact id: '8927a89d8870bcf2809f3e39fedf6578') in 0.008062 seconds
  Import took 0.011536 seconds .

========================================================================
Received Import Request.
  Time since last request: 6.282163 seconds.
  path: Assets/Marker/sasuke1.jpg
  artifactKey: Guid(7c299e44bf7ccd64cac2fcd9f47df3f1) Importer(815301076,1909f56bfc062723c751e8b465ee728b)
Start importing Assets/Marker/sasuke1.jpg using Guid(7c299e44bf7ccd64cac2fcd9f47df3f1) Importer(815301076,1909f56bfc062723c751e8b465ee728b)  -> (artifact id: 'e419350c4c0f01d005ea825b7f1aae4d') in 0.150583 seconds
  Import took 0.153435 seconds .

========================================================================
Received Import Request.
  Time since last request: 0.000370 seconds.
  path: Assets/Marker/sasuke2.jpeg
  artifactKey: Guid(fc8ff7ccd92ac8e44b597af9dc4f7037) Importer(815301076,1909f56bfc062723c751e8b465ee728b)
Start importing Assets/Marker/sasuke2.jpeg using Guid(fc8ff7ccd92ac8e44b597af9dc4f7037) Importer(815301076,1909f56bfc062723c751e8b465ee728b)  -> (artifact id: '5c959f8f4696c9b3dcba89ba10984799') in 0.020071 seconds
  Import took 0.022599 seconds .

========================================================================
Received Import Request.
  Time since last request: 160.654705 seconds.
  path: Assets/Marker/ReferenceImageLibrary.asset
  artifactKey: Guid(ff3023ea044f72948a30e22ada502c6b) Importer(815301076,1909f56bfc062723c751e8b465ee728b)
Start importing Assets/Marker/ReferenceImageLibrary.asset using Guid(ff3023ea044f72948a30e22ada502c6b) Importer(815301076,1909f56bfc062723c751e8b465ee728b)  -> (artifact id: '0b2e4c786544781d74371d264a75efa9') in 0.028674 seconds
  Import took 0.032973 seconds .

========================================================================
Received Import Request.
  Time since last request: 286.091611 seconds.
  path: Assets/New Folder
  artifactKey: Guid(5cc8a97459c4b9d498f978b90212288f) Importer(815301076,1909f56bfc062723c751e8b465ee728b)
Start importing Assets/New Folder using Guid(5cc8a97459c4b9d498f978b90212288f) Importer(815301076,1909f56bfc062723c751e8b465ee728b)  -> (artifact id: '01cb354b9eac20c6bf993d20d6a36a3f') in 0.009423 seconds
  Import took 0.012308 seconds .

========================================================================
Received Import Request.
  Time since last request: 12.654010 seconds.
  path: Assets/Script
  artifactKey: Guid(5cc8a97459c4b9d498f978b90212288f) Importer(815301076,1909f56bfc062723c751e8b465ee728b)
Start importing Assets/Script using Guid(5cc8a97459c4b9d498f978b90212288f) Importer(815301076,1909f56bfc062723c751e8b465ee728b)  -> (artifact id: '2bda9a1df0723dfee0c937a7b1b22706') in 0.009588 seconds
  Import took 0.015124 seconds .

========================================================================
Received Import Request.
  Time since last request: 110.143170 seconds.
  path: Assets/Script/SwitchPrefab.cs
  artifactKey: Guid(19487913f7a149b499622352aec403dc) Importer(815301076,1909f56bfc062723c751e8b465ee728b)
Start importing Assets/Script/SwitchPrefab.cs using Guid(19487913f7a149b499622352aec403dc) Importer(815301076,1909f56bfc062723c751e8b465ee728b)  -> (artifact id: '6355baa6e33e369f5c64ad7d93a39f8e') in 0.018672 seconds
  Import took 0.021461 seconds .

========================================================================
Received Prepare
Registering precompiled user dll's ...
Registered in 0.000795 seconds.
Begin MonoManager ReloadAssembly
Native extension for WindowsStandalone target not found
Native extension for WebGL target not found
Refreshing native plugins compatible for Editor in 0.29 ms, found 0 plugins.
Preloading 0 native plugins for Editor in 0.00 ms.
Invoked RoslynAnalysisRunner static constructor.
RoslynAnalysisRunner will not be running.
RoslynAnalysisRunner has terminated.
Mono: successfully reloaded assembly
- Completed reload, in  1.038 seconds
Platform modules already initialized, skipping
Refreshing native plugins compatible for Editor in 0.29 ms, found 0 plugins.
Preloading 0 native plugins for Editor in 0.00 ms.
Unloading 1474 Unused Serialized files (Serialized files now loaded: 0)
System memory in use before: 67.7 MB.
System memory in use after: 67.8 MB.

Unloading 8 unused Assets to reduce memory usage. Loaded Objects now: 1930.
Total: 2.187200 ms (FindLiveObjects: 0.281800 ms CreateObjectMapping: 0.066700 ms MarkObjects: 1.724300 ms  DeleteObjects: 0.113600 ms)

========================================================================
Received Prepare
Registering precompiled user dll's ...
Registered in 0.000783 seconds.
Begin MonoManager ReloadAssembly
Native extension for WindowsStandalone target not found
Native extension for WebGL target not found
Refreshing native plugins compatible for Editor in 0.31 ms, found 0 plugins.
Preloading 0 native plugins for Editor in 0.00 ms.
Invoked RoslynAnalysisRunner static constructor.
RoslynAnalysisRunner will not be running.
RoslynAnalysisRunner has terminated.
Mono: successfully reloaded assembly
- Completed reload, in  1.060 seconds
Platform modules already initialized, skipping
Refreshing native plugins compatible for Editor in 0.31 ms, found 0 plugins.
Preloading 0 native plugins for Editor in 0.00 ms.
Unloading 1474 Unused Serialized files (Serialized files now loaded: 0)
System memory in use before: 67.8 MB.
System memory in use after: 67.8 MB.

Unloading 8 unused Assets to reduce memory usage. Loaded Objects now: 1933.
Total: 2.085400 ms (FindLiveObjects: 0.151100 ms CreateObjectMapping: 0.051800 ms MarkObjects: 1.766000 ms  DeleteObjects: 0.115200 ms)

========================================================================
Received Import Request.
  Time since last request: 586.019193 seconds.
  path: Assets/Script/SwitchPrefab.cs
  artifactKey: Guid(19487913f7a149b499622352aec403dc) Importer(815301076,1909f56bfc062723c751e8b465ee728b)
Start importing Assets/Script/SwitchPrefab.cs using Guid(19487913f7a149b499622352aec403dc) Importer(815301076,1909f56bfc062723c751e8b465ee728b)  -> (artifact id: '127fe56f922e1e6e477375518d7916da') in 0.006067 seconds
  Import took 0.008874 seconds .

========================================================================
Received Import Request.
  Time since last request: 606.103758 seconds.
  path: Assets/Marker/ReferenceImageLibrary.asset
  artifactKey: Guid(ff3023ea044f72948a30e22ada502c6b) Importer(815301076,1909f56bfc062723c751e8b465ee728b)
Start importing Assets/Marker/ReferenceImageLibrary.asset using Guid(ff3023ea044f72948a30e22ada502c6b) Importer(815301076,1909f56bfc062723c751e8b465ee728b)  -> (artifact id: '82d7f048706776bd7980b5174bd7426d') in 0.021159 seconds
  Import took 0.024707 seconds .

========================================================================
Received Prepare
Registering precompiled user dll's ...
Registered in 0.000689 seconds.
Begin MonoManager ReloadAssembly
Native extension for WindowsStandalone target not found
Native extension for WebGL target not found
Refreshing native plugins compatible for Editor in 0.30 ms, found 0 plugins.
Preloading 0 native plugins for Editor in 0.00 ms.
Invoked RoslynAnalysisRunner static constructor.
RoslynAnalysisRunner will not be running.
RoslynAnalysisRunner has terminated.
Mono: successfully reloaded assembly
- Completed reload, in  1.176 seconds
Platform modules already initialized, skipping
Switching build target platform(5) subTarget(0) extendedPlatform(0) -> platform(13) subTarget(537395200) extendedPlatform(0)
Refreshing native plugins compatible for Editor in 0.32 ms, found 0 plugins.
Preloading 0 native plugins for Editor in 0.00 ms.
Unloading 1478 Unused Serialized files (Serialized files now loaded: 0)
System memory in use before: 67.8 MB.
System memory in use after: 67.9 MB.

Unloading 8 unused Assets to reduce memory usage. Loaded Objects now: 1936.
Total: 2.277400 ms (FindLiveObjects: 0.195800 ms CreateObjectMapping: 0.058300 ms MarkObjects: 1.941000 ms  DeleteObjects: 0.081200 ms)

AssetImportParameters requested are different than current active one (requested -> active):
  custom:graphics/normal-map-encoding: 01000000000000000000000000000000 -> 02000000000000000000000000000000
========================================================================
Received Prepare
Refreshing native plugins compatible for Editor in 0.79 ms, found 0 plugins.
Preloading 0 native plugins for Editor in 0.00 ms.
Unloading 5 Unused Serialized files (Serialized files now loaded: 0)
System memory in use before: 38.4 MB.
System memory in use after: 38.4 MB.

Unloading 5 unused Assets to reduce memory usage. Loaded Objects now: 1936.
Total: 1.884200 ms (FindLiveObjects: 0.197700 ms CreateObjectMapping: 0.047400 ms MarkObjects: 1.527200 ms  DeleteObjects: 0.111000 ms)

========================================================================
Received Import Request.
  Time since last request: 74.289080 seconds.
  path: Assets/Marker/sasuke1.jpg
  artifactKey: Guid(7c299e44bf7ccd64cac2fcd9f47df3f1) Importer(815301076,1909f56bfc062723c751e8b465ee728b)
Start importing Assets/Marker/sasuke1.jpg using Guid(7c299e44bf7ccd64cac2fcd9f47df3f1) Importer(815301076,1909f56bfc062723c751e8b465ee728b)  -> (artifact id: '583ec83b2cdc87d6109aeb6f703ee36d') in 0.060649 seconds
  Import took 0.063775 seconds .

========================================================================
Received Import Request.
  Time since last request: 0.000262 seconds.
  path: Assets/Marker/sasuke2.jpeg
  artifactKey: Guid(fc8ff7ccd92ac8e44b597af9dc4f7037) Importer(815301076,1909f56bfc062723c751e8b465ee728b)
Start importing Assets/Marker/sasuke2.jpeg using Guid(fc8ff7ccd92ac8e44b597af9dc4f7037) Importer(815301076,1909f56bfc062723c751e8b465ee728b)  -> (artifact id: 'a92f9700110424643a875eb70a3f16e7') in 0.025772 seconds
  Import took 0.028350 seconds .

========================================================================
Received Prepare
Switching build target platform(13) subTarget(537395200) extendedPlatform(0) -> platform(13) subTarget(524288) extendedPlatform(0)
Refreshing native plugins compatible for Editor in 0.71 ms, found 0 plugins.
Preloading 0 native plugins for Editor in 0.00 ms.
Unloading 5 Unused Serialized files (Serialized files now loaded: 0)
System memory in use before: 38.4 MB.
System memory in use after: 38.5 MB.

Unloading 5 unused Assets to reduce memory usage. Loaded Objects now: 1936.
Total: 3.267600 ms (FindLiveObjects: 0.472000 ms CreateObjectMapping: 0.158000 ms MarkObjects: 2.547000 ms  DeleteObjects: 0.089100 ms)

AssetImportParameters requested are different than current active one (requested -> active):
  buildTarget: platform 13, subtarget 524288, extendedPlatform 0 -> platform 13, subtarget 537395200, extendedPlatform 0
  graphicsApiMask: 2048 -> 2099200
========================================================================
Received Import Request.
  Time since last request: 93.887309 seconds.
  path: Assets/Marker/sasuke1.jpg
  artifactKey: Guid(7c299e44bf7ccd64cac2fcd9f47df3f1) Importer(815301076,1909f56bfc062723c751e8b465ee728b)
Start importing Assets/Marker/sasuke1.jpg using Guid(7c299e44bf7ccd64cac2fcd9f47df3f1) Importer(815301076,1909f56bfc062723c751e8b465ee728b)  -> (artifact id: '6a7bb082d016d1d7cd366bae4f3d5ee0') in 0.043312 seconds
  Import took 0.047636 seconds .

========================================================================
Received Import Request.
  Time since last request: 0.000311 seconds.
  path: Assets/Marker/sasuke2.jpeg
  artifactKey: Guid(fc8ff7ccd92ac8e44b597af9dc4f7037) Importer(815301076,1909f56bfc062723c751e8b465ee728b)
Start importing Assets/Marker/sasuke2.jpeg using Guid(fc8ff7ccd92ac8e44b597af9dc4f7037) Importer(815301076,1909f56bfc062723c751e8b465ee728b)  -> (artifact id: '8e76f28832cc1a53f96b9362fd547948') in 0.044696 seconds
  Import took 0.048013 seconds .

========================================================================
Received Prepare
Refreshing native plugins compatible for Editor in 0.71 ms, found 0 plugins.
Preloading 0 native plugins for Editor in 0.00 ms.
Unloading 5 Unused Serialized files (Serialized files now loaded: 0)
System memory in use before: 38.5 MB.
System memory in use after: 38.5 MB.

Unloading 4 unused Assets to reduce memory usage. Loaded Objects now: 1937.
Total: 2.343200 ms (FindLiveObjects: 0.152900 ms CreateObjectMapping: 0.049200 ms MarkObjects: 2.027000 ms  DeleteObjects: 0.113300 ms)

========================================================================
Received Import Request.
  Time since last request: 1861.243068 seconds.
  path: Assets/New Folder
  artifactKey: Guid(8687e912346e1974b8591cd703b577b2) Importer(815301076,1909f56bfc062723c751e8b465ee728b)
Start importing Assets/New Folder using Guid(8687e912346e1974b8591cd703b577b2) Importer(815301076,1909f56bfc062723c751e8b465ee728b)  -> (artifact id: 'd70a701613aaa80468d924493d036141') in 0.010630 seconds
  Import took 0.013873 seconds .

========================================================================
Received Import Request.
  Time since last request: 19.019645 seconds.
  path: Assets/Script/Answer.cs
  artifactKey: Guid(cf88eed9599cdaf44a0bfabda7631e99) Importer(815301076,1909f56bfc062723c751e8b465ee728b)
Start importing Assets/Script/Answer.cs using Guid(cf88eed9599cdaf44a0bfabda7631e99) Importer(815301076,1909f56bfc062723c751e8b465ee728b)  -> (artifact id: '4252ac98309cdb7a78a92798ccef11fd') in 0.013083 seconds
  Import took 0.016006 seconds .

========================================================================
Received Prepare
Registering precompiled user dll's ...
Registered in 0.000668 seconds.
Begin MonoManager ReloadAssembly
Native extension for WindowsStandalone target not found
Native extension for WebGL target not found
Refreshing native plugins compatible for Editor in 0.32 ms, found 0 plugins.
Preloading 0 native plugins for Editor in 0.00 ms.
Invoked RoslynAnalysisRunner static constructor.
RoslynAnalysisRunner will not be running.
RoslynAnalysisRunner has terminated.
Mono: successfully reloaded assembly
- Completed reload, in  1.212 seconds
Platform modules already initialized, skipping
Switching build target platform(5) subTarget(0) extendedPlatform(0) -> platform(13) subTarget(524288) extendedPlatform(0)
Refreshing native plugins compatible for Editor in 0.29 ms, found 0 plugins.
Preloading 0 native plugins for Editor in 0.00 ms.
Unloading 1478 Unused Serialized files (Serialized files now loaded: 0)
System memory in use before: 67.8 MB.
System memory in use after: 67.8 MB.

Unloading 7 unused Assets to reduce memory usage. Loaded Objects now: 1941.
Total: 2.123000 ms (FindLiveObjects: 0.204400 ms CreateObjectMapping: 0.063500 ms MarkObjects: 1.740700 ms  DeleteObjects: 0.113400 ms)

AssetImportParameters requested are different than current active one (requested -> active):
  custom:graphics/normal-map-encoding: 01000000000000000000000000000000 -> 02000000000000000000000000000000
========================================================================
Received Prepare
Registering precompiled user dll's ...
Registered in 0.000776 seconds.
Begin MonoManager ReloadAssembly
Native extension for WindowsStandalone target not found
Native extension for WebGL target not found
Refreshing native plugins compatible for Editor in 0.29 ms, found 0 plugins.
Preloading 0 native plugins for Editor in 0.00 ms.
Invoked RoslynAnalysisRunner static constructor.
RoslynAnalysisRunner will not be running.
RoslynAnalysisRunner has terminated.
Mono: successfully reloaded assembly
- Completed reload, in  1.258 seconds
Platform modules already initialized, skipping
Switching build target platform(5) subTarget(0) extendedPlatform(0) -> platform(13) subTarget(524288) extendedPlatform(0)
Refreshing native plugins compatible for Editor in 0.37 ms, found 0 plugins.
Preloading 0 native plugins for Editor in 0.00 ms.
Unloading 1478 Unused Serialized files (Serialized files now loaded: 0)
System memory in use before: 67.8 MB.
System memory in use after: 67.8 MB.

Unloading 7 unused Assets to reduce memory usage. Loaded Objects now: 1944.
Total: 1.878300 ms (FindLiveObjects: 0.151900 ms CreateObjectMapping: 0.048000 ms MarkObjects: 1.547800 ms  DeleteObjects: 0.129500 ms)

AssetImportParameters requested are different than current active one (requested -> active):
  custom:graphics/normal-map-encoding: 01000000000000000000000000000000 -> 02000000000000000000000000000000
========================================================================
Received Prepare
Registering precompiled user dll's ...
Registered in 0.000854 seconds.
Begin MonoManager ReloadAssembly
Native extension for WindowsStandalone target not found
Native extension for WebGL target not found
Refreshing native plugins compatible for Editor in 0.30 ms, found 0 plugins.
Preloading 0 native plugins for Editor in 0.00 ms.
Invoked RoslynAnalysisRunner static constructor.
RoslynAnalysisRunner will not be running.
RoslynAnalysisRunner has terminated.
Mono: successfully reloaded assembly
- Completed reload, in  1.368 seconds
Platform modules already initialized, skipping
Switching build target platform(5) subTarget(0) extendedPlatform(0) -> platform(13) subTarget(524288) extendedPlatform(0)
Refreshing native plugins compatible for Editor in 0.30 ms, found 0 plugins.
Preloading 0 native plugins for Editor in 0.00 ms.
Unloading 1478 Unused Serialized files (Serialized files now loaded: 0)
System memory in use before: 67.8 MB.
System memory in use after: 67.9 MB.

Unloading 7 unused Assets to reduce memory usage. Loaded Objects now: 1947.
Total: 2.235500 ms (FindLiveObjects: 0.158800 ms CreateObjectMapping: 0.054000 ms MarkObjects: 1.924100 ms  DeleteObjects: 0.097400 ms)

AssetImportParameters requested are different than current active one (requested -> active):
  custom:graphics/normal-map-encoding: 01000000000000000000000000000000 -> 02000000000000000000000000000000
========================================================================
Received Prepare
Registering precompiled user dll's ...
Registered in 0.000684 seconds.
Begin MonoManager ReloadAssembly
Native extension for WindowsStandalone target not found
Native extension for WebGL target not found
Refreshing native plugins compatible for Editor in 0.39 ms, found 0 plugins.
Preloading 0 native plugins for Editor in 0.00 ms.
Invoked RoslynAnalysisRunner static constructor.
RoslynAnalysisRunner will not be running.
RoslynAnalysisRunner has terminated.
Mono: successfully reloaded assembly
- Completed reload, in  1.197 seconds
Platform modules already initialized, skipping
Switching build target platform(5) subTarget(0) extendedPlatform(0) -> platform(13) subTarget(524288) extendedPlatform(0)
Refreshing native plugins compatible for Editor in 0.33 ms, found 0 plugins.
Preloading 0 native plugins for Editor in 0.00 ms.
Unloading 1478 Unused Serialized files (Serialized files now loaded: 0)
System memory in use before: 67.8 MB.
System memory in use after: 67.9 MB.

Unloading 7 unused Assets to reduce memory usage. Loaded Objects now: 1950.
Total: 3.075300 ms (FindLiveObjects: 0.190400 ms CreateObjectMapping: 0.055600 ms MarkObjects: 2.718000 ms  DeleteObjects: 0.110200 ms)

AssetImportParameters requested are different than current active one (requested -> active):
  custom:graphics/normal-map-encoding: 01000000000000000000000000000000 -> 02000000000000000000000000000000
========================================================================
Received Prepare
Registering precompiled user dll's ...
Registered in 0.001012 seconds.
Begin MonoManager ReloadAssembly
Native extension for WindowsStandalone target not found
Native extension for WebGL target not found
Refreshing native plugins compatible for Editor in 0.29 ms, found 0 plugins.
Preloading 0 native plugins for Editor in 0.00 ms.
Invoked RoslynAnalysisRunner static constructor.
RoslynAnalysisRunner will not be running.
RoslynAnalysisRunner has terminated.
Mono: successfully reloaded assembly
- Completed reload, in  1.233 seconds
Platform modules already initialized, skipping
Switching build target platform(5) subTarget(0) extendedPlatform(0) -> platform(13) subTarget(524288) extendedPlatform(0)
Refreshing native plugins compatible for Editor in 0.29 ms, found 0 plugins.
Preloading 0 native plugins for Editor in 0.00 ms.
Unloading 1478 Unused Serialized files (Serialized files now loaded: 0)
System memory in use before: 67.8 MB.
System memory in use after: 67.8 MB.

Unloading 7 unused Assets to reduce memory usage. Loaded Objects now: 1953.
Total: 2.023300 ms (FindLiveObjects: 0.144600 ms CreateObjectMapping: 0.046000 ms MarkObjects: 1.701600 ms  DeleteObjects: 0.130000 ms)

AssetImportParameters requested are different than current active one (requested -> active):
  custom:graphics/normal-map-encoding: 01000000000000000000000000000000 -> 02000000000000000000000000000000
========================================================================
Received Prepare
Registering precompiled user dll's ...
Registered in 0.000706 seconds.
Begin MonoManager ReloadAssembly
Native extension for WindowsStandalone target not found
Native extension for WebGL target not found
Refreshing native plugins compatible for Editor in 0.29 ms, found 0 plugins.
Preloading 0 native plugins for Editor in 0.00 ms.
Invoked RoslynAnalysisRunner static constructor.
RoslynAnalysisRunner will not be running.
RoslynAnalysisRunner has terminated.
Mono: successfully reloaded assembly
- Completed reload, in  1.310 seconds
Platform modules already initialized, skipping
Switching build target platform(5) subTarget(0) extendedPlatform(0) -> platform(13) subTarget(524288) extendedPlatform(0)
Refreshing native plugins compatible for Editor in 0.29 ms, found 0 plugins.
Preloading 0 native plugins for Editor in 0.00 ms.
Unloading 1478 Unused Serialized files (Serialized files now loaded: 0)
System memory in use before: 67.8 MB.
System memory in use after: 67.8 MB.

Unloading 7 unused Assets to reduce memory usage. Loaded Objects now: 1956.
Total: 1.987000 ms (FindLiveObjects: 0.161600 ms CreateObjectMapping: 0.056200 ms MarkObjects: 1.658500 ms  DeleteObjects: 0.109200 ms)

AssetImportParameters requested are different than current active one (requested -> active):
  custom:graphics/normal-map-encoding: 01000000000000000000000000000000 -> 02000000000000000000000000000000
========================================================================
Received Prepare
Registering precompiled user dll's ...
Registered in 0.000803 seconds.
Begin MonoManager ReloadAssembly
Native extension for WindowsStandalone target not found
Native extension for WebGL target not found
Refreshing native plugins compatible for Editor in 0.38 ms, found 0 plugins.
Preloading 0 native plugins for Editor in 0.00 ms.
Invoked RoslynAnalysisRunner static constructor.
RoslynAnalysisRunner will not be running.
RoslynAnalysisRunner has terminated.
Mono: successfully reloaded assembly
- Completed reload, in  1.252 seconds
Platform modules already initialized, skipping
Switching build target platform(5) subTarget(0) extendedPlatform(0) -> platform(13) subTarget(524288) extendedPlatform(0)
Refreshing native plugins compatible for Editor in 0.34 ms, found 0 plugins.
Preloading 0 native plugins for Editor in 0.00 ms.
Unloading 1478 Unused Serialized files (Serialized files now loaded: 0)
System memory in use before: 67.8 MB.
System memory in use after: 67.9 MB.

Unloading 7 unused Assets to reduce memory usage. Loaded Objects now: 1959.
Total: 2.117600 ms (FindLiveObjects: 0.141300 ms CreateObjectMapping: 0.042900 ms MarkObjects: 1.821700 ms  DeleteObjects: 0.110700 ms)

AssetImportParameters requested are different than current active one (requested -> active):
  custom:graphics/normal-map-encoding: 01000000000000000000000000000000 -> 02000000000000000000000000000000
========================================================================
Received Prepare
Registering precompiled user dll's ...
Registered in 0.000757 seconds.
Begin MonoManager ReloadAssembly
Native extension for WindowsStandalone target not found
Native extension for WebGL target not found
Refreshing native plugins compatible for Editor in 0.55 ms, found 0 plugins.
Preloading 0 native plugins for Editor in 0.00 ms.
Invoked RoslynAnalysisRunner static constructor.
RoslynAnalysisRunner will not be running.
RoslynAnalysisRunner has terminated.
Mono: successfully reloaded assembly
- Completed reload, in  1.461 seconds
Platform modules already initialized, skipping
Switching build target platform(5) subTarget(0) extendedPlatform(0) -> platform(13) subTarget(524288) extendedPlatform(0)
Refreshing native plugins compatible for Editor in 0.35 ms, found 0 plugins.
Preloading 0 native plugins for Editor in 0.00 ms.
Unloading 1478 Unused Serialized files (Serialized files now loaded: 0)
System memory in use before: 67.8 MB.
System memory in use after: 67.9 MB.

Unloading 7 unused Assets to reduce memory usage. Loaded Objects now: 1962.
Total: 3.215500 ms (FindLiveObjects: 0.271100 ms CreateObjectMapping: 0.061700 ms MarkObjects: 2.772100 ms  DeleteObjects: 0.109400 ms)

AssetImportParameters requested are different than current active one (requested -> active):
  custom:graphics/normal-map-encoding: 01000000000000000000000000000000 -> 02000000000000000000000000000000
========================================================================
Received Prepare
Registering precompiled user dll's ...
Registered in 0.000857 seconds.
Begin MonoManager ReloadAssembly
Native extension for WindowsStandalone target not found
Native extension for WebGL target not found
Refreshing native plugins compatible for Editor in 0.29 ms, found 0 plugins.
Preloading 0 native plugins for Editor in 0.00 ms.
Invoked RoslynAnalysisRunner static constructor.
RoslynAnalysisRunner will not be running.
RoslynAnalysisRunner has terminated.
Mono: successfully reloaded assembly
- Completed reload, in  1.352 seconds
Platform modules already initialized, skipping
Switching build target platform(5) subTarget(0) extendedPlatform(0) -> platform(13) subTarget(524288) extendedPlatform(0)
Refreshing native plugins compatible for Editor in 0.34 ms, found 0 plugins.
Preloading 0 native plugins for Editor in 0.00 ms.
Unloading 1478 Unused Serialized files (Serialized files now loaded: 0)
System memory in use before: 67.8 MB.
System memory in use after: 67.9 MB.

Unloading 7 unused Assets to reduce memory usage. Loaded Objects now: 1965.
Total: 2.146700 ms (FindLiveObjects: 0.193900 ms CreateObjectMapping: 0.056600 ms MarkObjects: 1.767900 ms  DeleteObjects: 0.127300 ms)

AssetImportParameters requested are different than current active one (requested -> active):
  custom:graphics/normal-map-encoding: 01000000000000000000000000000000 -> 02000000000000000000000000000000
========================================================================
Received Prepare
Registering precompiled user dll's ...
Registered in 0.001459 seconds.
Begin MonoManager ReloadAssembly
Native extension for WindowsStandalone target not found
Native extension for WebGL target not found
Refreshing native plugins compatible for Editor in 0.30 ms, found 0 plugins.
Preloading 0 native plugins for Editor in 0.00 ms.
Invoked RoslynAnalysisRunner static constructor.
RoslynAnalysisRunner will not be running.
RoslynAnalysisRunner has terminated.
Mono: successfully reloaded assembly
- Completed reload, in  1.595 seconds
Platform modules already initialized, skipping
Switching build target platform(5) subTarget(0) extendedPlatform(0) -> platform(13) subTarget(524288) extendedPlatform(0)
Refreshing native plugins compatible for Editor in 0.30 ms, found 0 plugins.
Preloading 0 native plugins for Editor in 0.00 ms.
Unloading 1479 Unused Serialized files (Serialized files now loaded: 0)
System memory in use before: 67.8 MB.
System memory in use after: 67.9 MB.

Unloading 7 unused Assets to reduce memory usage. Loaded Objects now: 1969.
Total: 2.334600 ms (FindLiveObjects: 0.170500 ms CreateObjectMapping: 0.055800 ms MarkObjects: 2.009200 ms  DeleteObjects: 0.097900 ms)

AssetImportParameters requested are different than current active one (requested -> active):
  custom:graphics/normal-map-encoding: 01000000000000000000000000000000 -> 02000000000000000000000000000000
========================================================================
Received Import Request.
  Time since last request: 4176.036228 seconds.
  path: Assets/Script/GameManager.cs
  artifactKey: Guid(a0aadaddd591b3148956343fa274e439) Importer(815301076,1909f56bfc062723c751e8b465ee728b)
Start importing Assets/Script/GameManager.cs using Guid(a0aadaddd591b3148956343fa274e439) Importer(815301076,1909f56bfc062723c751e8b465ee728b)  -> (artifact id: 'ad9c24b22b1d96afaae91bae027fb5e4') in 0.009126 seconds
  Import took 0.011763 seconds .

========================================================================
Received Prepare
Registering precompiled user dll's ...
Registered in 0.000677 seconds.
Begin MonoManager ReloadAssembly
Native extension for WindowsStandalone target not found
Native extension for WebGL target not found
Refreshing native plugins compatible for Editor in 0.32 ms, found 0 plugins.
Preloading 0 native plugins for Editor in 0.00 ms.
Invoked RoslynAnalysisRunner static constructor.
RoslynAnalysisRunner will not be running.
RoslynAnalysisRunner has terminated.
Mono: successfully reloaded assembly
- Completed reload, in  1.341 seconds
Platform modules already initialized, skipping
Switching build target platform(5) subTarget(0) extendedPlatform(0) -> platform(13) subTarget(524288) extendedPlatform(0)
Refreshing native plugins compatible for Editor in 0.36 ms, found 0 plugins.
Preloading 0 native plugins for Editor in 0.00 ms.
Unloading 1479 Unused Serialized files (Serialized files now loaded: 0)
System memory in use before: 67.9 MB.
System memory in use after: 67.9 MB.

Unloading 7 unused Assets to reduce memory usage. Loaded Objects now: 1972.
Total: 2.084400 ms (FindLiveObjects: 0.146500 ms CreateObjectMapping: 0.045300 ms MarkObjects: 1.801300 ms  DeleteObjects: 0.090400 ms)

AssetImportParameters requested are different than current active one (requested -> active):
  custom:graphics/normal-map-encoding: 01000000000000000000000000000000 -> 02000000000000000000000000000000
========================================================================
Received Prepare
Registering precompiled user dll's ...
Registered in 0.001029 seconds.
Begin MonoManager ReloadAssembly
Native extension for WindowsStandalone target not found
Native extension for WebGL target not found
Refreshing native plugins compatible for Editor in 0.30 ms, found 0 plugins.
Preloading 0 native plugins for Editor in 0.00 ms.
Invoked RoslynAnalysisRunner static constructor.
RoslynAnalysisRunner will not be running.
RoslynAnalysisRunner has terminated.
Mono: successfully reloaded assembly
- Completed reload, in  1.382 seconds
Platform modules already initialized, skipping
Switching build target platform(5) subTarget(0) extendedPlatform(0) -> platform(13) subTarget(524288) extendedPlatform(0)
Refreshing native plugins compatible for Editor in 0.29 ms, found 0 plugins.
Preloading 0 native plugins for Editor in 0.00 ms.
Unloading 1479 Unused Serialized files (Serialized files now loaded: 0)
System memory in use before: 67.9 MB.
System memory in use after: 67.9 MB.

Unloading 7 unused Assets to reduce memory usage. Loaded Objects now: 1975.
Total: 2.277900 ms (FindLiveObjects: 0.264200 ms CreateObjectMapping: 0.050500 ms MarkObjects: 1.848700 ms  DeleteObjects: 0.113600 ms)

AssetImportParameters requested are different than current active one (requested -> active):
  custom:graphics/normal-map-encoding: 01000000000000000000000000000000 -> 02000000000000000000000000000000
========================================================================
Received Import Request.
  Time since last request: 1273.824920 seconds.
  path: Assets/Script/GameManager.cs
  artifactKey: Guid(a0aadaddd591b3148956343fa274e439) Importer(815301076,1909f56bfc062723c751e8b465ee728b)
Start importing Assets/Script/GameManager.cs using Guid(a0aadaddd591b3148956343fa274e439) Importer(815301076,1909f56bfc062723c751e8b465ee728b)  -> (artifact id: '67ac0565e40305453659249d63b78f22') in 0.005463 seconds
  Import took 0.007803 seconds .

========================================================================
Received Prepare
Registering precompiled user dll's ...
Registered in 0.000820 seconds.
Begin MonoManager ReloadAssembly
Native extension for WindowsStandalone target not found
Native extension for WebGL target not found
Refreshing native plugins compatible for Editor in 0.29 ms, found 0 plugins.
Preloading 0 native plugins for Editor in 0.00 ms.
Invoked RoslynAnalysisRunner static constructor.
RoslynAnalysisRunner will not be running.
RoslynAnalysisRunner has terminated.
Mono: successfully reloaded assembly
- Completed reload, in  1.356 seconds
Platform modules already initialized, skipping
Switching build target platform(5) subTarget(0) extendedPlatform(0) -> platform(13) subTarget(524288) extendedPlatform(0)
Refreshing native plugins compatible for Editor in 0.28 ms, found 0 plugins.
Preloading 0 native plugins for Editor in 0.00 ms.
Unloading 1479 Unused Serialized files (Serialized files now loaded: 0)
System memory in use before: 67.9 MB.
System memory in use after: 67.9 MB.

Unloading 7 unused Assets to reduce memory usage. Loaded Objects now: 1978.
Total: 1.856000 ms (FindLiveObjects: 0.148700 ms CreateObjectMapping: 0.050500 ms MarkObjects: 1.544300 ms  DeleteObjects: 0.111600 ms)

AssetImportParameters requested are different than current active one (requested -> active):
  custom:graphics/normal-map-encoding: 01000000000000000000000000000000 -> 02000000000000000000000000000000
========================================================================
Received Prepare
Registering precompiled user dll's ...
Registered in 0.000728 seconds.
Begin MonoManager ReloadAssembly
Native extension for WindowsStandalone target not found
Native extension for WebGL target not found
Refreshing native plugins compatible for Editor in 0.30 ms, found 0 plugins.
Preloading 0 native plugins for Editor in 0.00 ms.
Invoked RoslynAnalysisRunner static constructor.
RoslynAnalysisRunner will not be running.
RoslynAnalysisRunner has terminated.
Mono: successfully reloaded assembly
- Completed reload, in  1.473 seconds
Platform modules already initialized, skipping
Switching build target platform(5) subTarget(0) extendedPlatform(0) -> platform(13) subTarget(524288) extendedPlatform(0)
Refreshing native plugins compatible for Editor in 0.29 ms, found 0 plugins.
Preloading 0 native plugins for Editor in 0.00 ms.
Unloading 1479 Unused Serialized files (Serialized files now loaded: 0)
System memory in use before: 67.9 MB.
System memory in use after: 67.9 MB.

Unloading 8 unused Assets to reduce memory usage. Loaded Objects now: 1980.
Total: 2.258800 ms (FindLiveObjects: 0.170400 ms CreateObjectMapping: 0.080200 ms MarkObjects: 1.885900 ms  DeleteObjects: 0.119600 ms)

AssetImportParameters requested are different than current active one (requested -> active):
  custom:graphics/normal-map-encoding: 01000000000000000000000000000000 -> 02000000000000000000000000000000
========================================================================
Received Prepare
Registering precompiled user dll's ...
Registered in 0.000853 seconds.
Begin MonoManager ReloadAssembly
Native extension for WindowsStandalone target not found
Native extension for WebGL target not found
Refreshing native plugins compatible for Editor in 0.30 ms, found 0 plugins.
Preloading 0 native plugins for Editor in 0.00 ms.
Invoked RoslynAnalysisRunner static constructor.
RoslynAnalysisRunner will not be running.
RoslynAnalysisRunner has terminated.
Mono: successfully reloaded assembly
- Completed reload, in  1.495 seconds
Platform modules already initialized, skipping
Switching build target platform(5) subTarget(0) extendedPlatform(0) -> platform(13) subTarget(524288) extendedPlatform(0)
Refreshing native plugins compatible for Editor in 0.34 ms, found 0 plugins.
Preloading 0 native plugins for Editor in 0.00 ms.
Unloading 1480 Unused Serialized files (Serialized files now loaded: 0)
System memory in use before: 68.0 MB.
System memory in use after: 68.0 MB.

Unloading 8 unused Assets to reduce memory usage. Loaded Objects now: 1983.
Total: 2.003500 ms (FindLiveObjects: 0.165700 ms CreateObjectMapping: 0.046500 ms MarkObjects: 1.687600 ms  DeleteObjects: 0.102800 ms)

AssetImportParameters requested are different than current active one (requested -> active):
  custom:graphics/normal-map-encoding: 01000000000000000000000000000000 -> 02000000000000000000000000000000
========================================================================
Received Import Request.
  Time since last request: 3587.255382 seconds.
  path: Assets/Script/Answer.cs
  artifactKey: Guid(cf88eed9599cdaf44a0bfabda7631e99) Importer(815301076,1909f56bfc062723c751e8b465ee728b)
Start importing Assets/Script/Answer.cs using Guid(cf88eed9599cdaf44a0bfabda7631e99) Importer(815301076,1909f56bfc062723c751e8b465ee728b)  -> (artifact id: '871fdd2735b2420eb6b7ad6493603d47') in 0.008835 seconds
  Import took 0.012395 seconds .

========================================================================
Received Prepare
Registering precompiled user dll's ...
Registered in 0.000710 seconds.
Begin MonoManager ReloadAssembly
Native extension for WindowsStandalone target not found
Native extension for WebGL target not found
Refreshing native plugins compatible for Editor in 0.29 ms, found 0 plugins.
Preloading 0 native plugins for Editor in 0.00 ms.
Invoked RoslynAnalysisRunner static constructor.
RoslynAnalysisRunner will not be running.
RoslynAnalysisRunner has terminated.
Mono: successfully reloaded assembly
- Completed reload, in  1.444 seconds
Platform modules already initialized, skipping
Switching build target platform(5) subTarget(0) extendedPlatform(0) -> platform(13) subTarget(524288) extendedPlatform(0)
Refreshing native plugins compatible for Editor in 0.29 ms, found 0 plugins.
Preloading 0 native plugins for Editor in 0.00 ms.
Unloading 1480 Unused Serialized files (Serialized files now loaded: 0)
System memory in use before: 68.0 MB.
System memory in use after: 68.0 MB.

Unloading 8 unused Assets to reduce memory usage. Loaded Objects now: 1986.
Total: 2.293200 ms (FindLiveObjects: 0.174900 ms CreateObjectMapping: 0.105500 ms MarkObjects: 1.890500 ms  DeleteObjects: 0.121200 ms)

AssetImportParameters requested are different than current active one (requested -> active):
  custom:graphics/normal-map-encoding: 01000000000000000000000000000000 -> 02000000000000000000000000000000
========================================================================
Received Prepare
Registering precompiled user dll's ...
Registered in 0.000992 seconds.
Begin MonoManager ReloadAssembly
Native extension for WindowsStandalone target not found
Native extension for WebGL target not found
Refreshing native plugins compatible for Editor in 0.30 ms, found 0 plugins.
Preloading 0 native plugins for Editor in 0.00 ms.
Invoked RoslynAnalysisRunner static constructor.
RoslynAnalysisRunner will not be running.
RoslynAnalysisRunner has terminated.
Mono: successfully reloaded assembly
- Completed reload, in  1.520 seconds
Platform modules already initialized, skipping
Switching build target platform(5) subTarget(0) extendedPlatform(0) -> platform(13) subTarget(524288) extendedPlatform(0)
Refreshing native plugins compatible for Editor in 0.29 ms, found 0 plugins.
Preloading 0 native plugins for Editor in 0.00 ms.
Unloading 1480 Unused Serialized files (Serialized files now loaded: 0)
System memory in use before: 68.0 MB.
System memory in use after: 68.0 MB.

Unloading 8 unused Assets to reduce memory usage. Loaded Objects now: 1989.
Total: 2.274800 ms (FindLiveObjects: 0.177000 ms CreateObjectMapping: 0.060500 ms MarkObjects: 1.932200 ms  DeleteObjects: 0.104200 ms)

AssetImportParameters requested are different than current active one (requested -> active):
  custom:graphics/normal-map-encoding: 01000000000000000000000000000000 -> 02000000000000000000000000000000
========================================================================
Received Prepare
Registering precompiled user dll's ...
Registered in 0.001092 seconds.
Begin MonoManager ReloadAssembly
Native extension for WindowsStandalone target not found
Native extension for WebGL target not found
Refreshing native plugins compatible for Editor in 0.30 ms, found 0 plugins.
Preloading 0 native plugins for Editor in 0.00 ms.
Invoked RoslynAnalysisRunner static constructor.
RoslynAnalysisRunner will not be running.
RoslynAnalysisRunner has terminated.
Mono: successfully reloaded assembly
- Completed reload, in  1.579 seconds
Platform modules already initialized, skipping
Switching build target platform(5) subTarget(0) extendedPlatform(0) -> platform(13) subTarget(524288) extendedPlatform(0)
Refreshing native plugins compatible for Editor in 0.32 ms, found 0 plugins.
Preloading 0 native plugins for Editor in 0.00 ms.
Unloading 1480 Unused Serialized files (Serialized files now loaded: 0)
System memory in use before: 68.0 MB.
System memory in use after: 68.0 MB.

Unloading 8 unused Assets to reduce memory usage. Loaded Objects now: 1992.
Total: 1.987000 ms (FindLiveObjects: 0.161000 ms CreateObjectMapping: 0.052100 ms MarkObjects: 1.668600 ms  DeleteObjects: 0.104100 ms)

AssetImportParameters requested are different than current active one (requested -> active):
  custom:graphics/normal-map-encoding: 01000000000000000000000000000000 -> 02000000000000000000000000000000
========================================================================
Received Import Request.
  Time since last request: 896.750026 seconds.
  path: Assets/Script/New Folder
  artifactKey: Guid(727defe7d0edac34697b8bbfdbc15475) Importer(815301076,1909f56bfc062723c751e8b465ee728b)
Start importing Assets/Script/New Folder using Guid(727defe7d0edac34697b8bbfdbc15475) Importer(815301076,1909f56bfc062723c751e8b465ee728b)  -> (artifact id: 'c86fa998e1714c9d4626d19698197e0d') in 0.015585 seconds
  Import took 0.021906 seconds .

========================================================================
Received Import Request.
  Time since last request: 0.000629 seconds.
  path: Assets/Script/New Folder
  artifactKey: Guid(727defe7d0edac34697b8bbfdbc15475) Importer(815301076,1909f56bfc062723c751e8b465ee728b)
Start importing Assets/Script/New Folder using Guid(727defe7d0edac34697b8bbfdbc15475) Importer(815301076,1909f56bfc062723c751e8b465ee728b)  -> (artifact id: 'c86fa998e1714c9d4626d19698197e0d') in 0.013259 seconds
  Import took 0.018113 seconds .

========================================================================
Received Import Request.
  Time since last request: 15.783216 seconds.
  path: Assets/sound'
  artifactKey: Guid(58050bb497a0d31418def71bb74c9b20) Importer(815301076,1909f56bfc062723c751e8b465ee728b)
Start importing Assets/sound' using Guid(58050bb497a0d31418def71bb74c9b20) Importer(815301076,1909f56bfc062723c751e8b465ee728b)  -> (artifact id: '0c5640e1d0a5ea79ff53964aaf68a157') in 0.010904 seconds
  Import took 0.014290 seconds .

========================================================================
Received Import Request.
  Time since last request: 4.672458 seconds.
  path: Assets/sound
  artifactKey: Guid(58050bb497a0d31418def71bb74c9b20) Importer(815301076,1909f56bfc062723c751e8b465ee728b)
Start importing Assets/sound using Guid(58050bb497a0d31418def71bb74c9b20) Importer(815301076,1909f56bfc062723c751e8b465ee728b)  -> (artifact id: '1363f56bba13ae8f1a6d60f7d16cde17') in 0.010505 seconds
  Import took 0.028219 seconds .

========================================================================
Received Import Request.
  Time since last request: 269.630147 seconds.
  path: Assets/sound/correct.mp3
  artifactKey: Guid(f63e5093f0b7efd4e9fd894183099269) Importer(815301076,1909f56bfc062723c751e8b465ee728b)
Start importing Assets/sound/correct.mp3 using Guid(f63e5093f0b7efd4e9fd894183099269) Importer(815301076,1909f56bfc062723c751e8b465ee728b)  -> (artifact id: '5c20083ff2260b9bb01ff15691e3785d') in 0.117575 seconds
  Import took 0.120691 seconds .

========================================================================
Received Import Request.
  Time since last request: 0.000330 seconds.
  path: Assets/sound/incorrect.mp3
  artifactKey: Guid(83ecb3a64af48cd49a7525b64b05e82a) Importer(815301076,1909f56bfc062723c751e8b465ee728b)
Start importing Assets/sound/incorrect.mp3 using Guid(83ecb3a64af48cd49a7525b64b05e82a) Importer(815301076,1909f56bfc062723c751e8b465ee728b)  -> (artifact id: '33f3f08fec3e910f307feb633144f450') in 0.018170 seconds
  Import took 0.020563 seconds .

========================================================================
Received Prepare
Registering precompiled user dll's ...
Registered in 0.000774 seconds.
Begin MonoManager ReloadAssembly
Native extension for WindowsStandalone target not found
Native extension for WebGL target not found
Refreshing native plugins compatible for Editor in 0.56 ms, found 0 plugins.
Preloading 0 native plugins for Editor in 0.00 ms.
Invoked RoslynAnalysisRunner static constructor.
RoslynAnalysisRunner will not be running.
RoslynAnalysisRunner has terminated.
Mono: successfully reloaded assembly
- Completed reload, in  1.478 seconds
Platform modules already initialized, skipping
Switching build target platform(5) subTarget(0) extendedPlatform(0) -> platform(13) subTarget(524288) extendedPlatform(0)
Refreshing native plugins compatible for Editor in 0.29 ms, found 0 plugins.
Preloading 0 native plugins for Editor in 0.00 ms.
Unloading 1480 Unused Serialized files (Serialized files now loaded: 0)
System memory in use before: 71.1 MB.
System memory in use after: 71.2 MB.

Unloading 8 unused Assets to reduce memory usage. Loaded Objects now: 2004.
Total: 1.944300 ms (FindLiveObjects: 0.158400 ms CreateObjectMapping: 0.048800 ms MarkObjects: 1.608200 ms  DeleteObjects: 0.128200 ms)

AssetImportParameters requested are different than current active one (requested -> active):
  custom:graphics/normal-map-encoding: 01000000000000000000000000000000 -> 02000000000000000000000000000000
========================================================================
Received Prepare
Registering precompiled user dll's ...
Registered in 0.000772 seconds.
Begin MonoManager ReloadAssembly
Native extension for WindowsStandalone target not found
Native extension for WebGL target not found
Refreshing native plugins compatible for Editor in 0.38 ms, found 0 plugins.
Preloading 0 native plugins for Editor in 0.00 ms.
Invoked RoslynAnalysisRunner static constructor.
RoslynAnalysisRunner will not be running.
RoslynAnalysisRunner has terminated.
Mono: successfully reloaded assembly
- Completed reload, in  1.592 seconds
Platform modules already initialized, skipping
Switching build target platform(5) subTarget(0) extendedPlatform(0) -> platform(13) subTarget(524288) extendedPlatform(0)
Refreshing native plugins compatible for Editor in 0.29 ms, found 0 plugins.
Preloading 0 native plugins for Editor in 0.00 ms.
Unloading 1480 Unused Serialized files (Serialized files now loaded: 0)
System memory in use before: 71.1 MB.
System memory in use after: 71.2 MB.

Unloading 8 unused Assets to reduce memory usage. Loaded Objects now: 2007.
Total: 2.118800 ms (FindLiveObjects: 0.184300 ms CreateObjectMapping: 0.065500 ms MarkObjects: 1.743900 ms  DeleteObjects: 0.124300 ms)

AssetImportParameters requested are different than current active one (requested -> active):
  custom:graphics/normal-map-encoding: 01000000000000000000000000000000 -> 02000000000000000000000000000000
========================================================================
Received Prepare
Registering precompiled user dll's ...
Registered in 0.000794 seconds.
Begin MonoManager ReloadAssembly
Native extension for WindowsStandalone target not found
Native extension for WebGL target not found
Refreshing native plugins compatible for Editor in 0.30 ms, found 0 plugins.
Preloading 0 native plugins for Editor in 0.00 ms.
Invoked RoslynAnalysisRunner static constructor.
RoslynAnalysisRunner will not be running.
RoslynAnalysisRunner has terminated.
Mono: successfully reloaded assembly
- Completed reload, in  2.132 seconds
Platform modules already initialized, skipping
Switching build target platform(5) subTarget(0) extendedPlatform(0) -> platform(13) subTarget(524288) extendedPlatform(0)
Refreshing native plugins compatible for Editor in 0.30 ms, found 0 plugins.
Preloading 0 native plugins for Editor in 0.00 ms.
Unloading 1480 Unused Serialized files (Serialized files now loaded: 0)
System memory in use before: 71.2 MB.
System memory in use after: 71.2 MB.

Unloading 7 unused Assets to reduce memory usage. Loaded Objects now: 2011.
Total: 1.879700 ms (FindLiveObjects: 0.175300 ms CreateObjectMapping: 0.071800 ms MarkObjects: 1.558600 ms  DeleteObjects: 0.073200 ms)

AssetImportParameters requested are different than current active one (requested -> active):
  custom:graphics/normal-map-encoding: 01000000000000000000000000000000 -> 02000000000000000000000000000000
========================================================================
Received Prepare
Refreshing native plugins compatible for Editor in 0.88 ms, found 0 plugins.
Preloading 0 native plugins for Editor in 0.00 ms.
Unloading 4 Unused Serialized files (Serialized files now loaded: 0)
System memory in use before: 41.6 MB.
System memory in use after: 41.7 MB.

Unloading 4 unused Assets to reduce memory usage. Loaded Objects now: 2011.
Total: 2.113600 ms (FindLiveObjects: 0.168400 ms CreateObjectMapping: 0.052500 ms MarkObjects: 1.773000 ms  DeleteObjects: 0.118800 ms)

========================================================================
Received Prepare
Registering precompiled user dll's ...
Registered in 0.000883 seconds.
Begin MonoManager ReloadAssembly
Native extension for WindowsStandalone target not found
Native extension for WebGL target not found
Refreshing native plugins compatible for Editor in 0.29 ms, found 0 plugins.
Preloading 0 native plugins for Editor in 0.00 ms.
Invoked RoslynAnalysisRunner static constructor.
RoslynAnalysisRunner will not be running.
RoslynAnalysisRunner has terminated.
Mono: successfully reloaded assembly
- Completed reload, in  1.685 seconds
Platform modules already initialized, skipping
Switching build target platform(5) subTarget(0) extendedPlatform(0) -> platform(13) subTarget(524288) extendedPlatform(0)
Refreshing native plugins compatible for Editor in 0.30 ms, found 0 plugins.
Preloading 0 native plugins for Editor in 0.00 ms.
Unloading 1479 Unused Serialized files (Serialized files now loaded: 0)
System memory in use before: 71.1 MB.
System memory in use after: 71.1 MB.

Unloading 7 unused Assets to reduce memory usage. Loaded Objects now: 2014.
Total: 1.893800 ms (FindLiveObjects: 0.169300 ms CreateObjectMapping: 0.052200 ms MarkObjects: 1.586900 ms  DeleteObjects: 0.084300 ms)

AssetImportParameters requested are different than current active one (requested -> active):
  custom:graphics/normal-map-encoding: 01000000000000000000000000000000 -> 02000000000000000000000000000000
========================================================================
Received Prepare
Registering precompiled user dll's ...
Registered in 0.000796 seconds.
Begin MonoManager ReloadAssembly
Native extension for WindowsStandalone target not found
Native extension for WebGL target not found
Refreshing native plugins compatible for Editor in 0.29 ms, found 0 plugins.
Preloading 0 native plugins for Editor in 0.00 ms.
Invoked RoslynAnalysisRunner static constructor.
RoslynAnalysisRunner will not be running.
RoslynAnalysisRunner has terminated.
Mono: successfully reloaded assembly
- Completed reload, in  1.568 seconds
Platform modules already initialized, skipping
Switching build target platform(5) subTarget(0) extendedPlatform(0) -> platform(13) subTarget(524288) extendedPlatform(0)
Refreshing native plugins compatible for Editor in 0.28 ms, found 0 plugins.
Preloading 0 native plugins for Editor in 0.00 ms.
Unloading 1479 Unused Serialized files (Serialized files now loaded: 0)
System memory in use before: 71.1 MB.
System memory in use after: 71.2 MB.

Unloading 7 unused Assets to reduce memory usage. Loaded Objects now: 2017.
Total: 1.972400 ms (FindLiveObjects: 0.147500 ms CreateObjectMapping: 0.046300 ms MarkObjects: 1.658900 ms  DeleteObjects: 0.118700 ms)

AssetImportParameters requested are different than current active one (requested -> active):
  custom:graphics/normal-map-encoding: 01000000000000000000000000000000 -> 02000000000000000000000000000000
========================================================================
Received Prepare
Refreshing native plugins compatible for Editor in 1.52 ms, found 0 plugins.
Preloading 0 native plugins for Editor in 0.00 ms.
Unloading 4 Unused Serialized files (Serialized files now loaded: 0)
System memory in use before: 41.6 MB.
System memory in use after: 41.7 MB.

Unloading 4 unused Assets to reduce memory usage. Loaded Objects now: 2017.
Total: 2.040600 ms (FindLiveObjects: 0.164900 ms CreateObjectMapping: 0.055600 ms MarkObjects: 1.742900 ms  DeleteObjects: 0.075800 ms)

========================================================================
Received Prepare
Registering precompiled user dll's ...
Registered in 0.000746 seconds.
Begin MonoManager ReloadAssembly
Native extension for WindowsStandalone target not found
Native extension for WebGL target not found
Refreshing native plugins compatible for Editor in 0.29 ms, found 0 plugins.
Preloading 0 native plugins for Editor in 0.00 ms.
Invoked RoslynAnalysisRunner static constructor.
RoslynAnalysisRunner will not be running.
RoslynAnalysisRunner has terminated.
Mono: successfully reloaded assembly
- Completed reload, in  1.663 seconds
Platform modules already initialized, skipping
Switching build target platform(5) subTarget(0) extendedPlatform(0) -> platform(13) subTarget(524288) extendedPlatform(0)
Refreshing native plugins compatible for Editor in 0.31 ms, found 0 plugins.
Preloading 0 native plugins for Editor in 0.00 ms.
Unloading 1479 Unused Serialized files (Serialized files now loaded: 0)
System memory in use before: 71.1 MB.
System memory in use after: 71.1 MB.

Unloading 8 unused Assets to reduce memory usage. Loaded Objects now: 2019.
Total: 2.228900 ms (FindLiveObjects: 0.156400 ms CreateObjectMapping: 0.053400 ms MarkObjects: 1.888500 ms  DeleteObjects: 0.129600 ms)

AssetImportParameters requested are different than current active one (requested -> active):
  custom:graphics/normal-map-encoding: 01000000000000000000000000000000 -> 02000000000000000000000000000000
AssetImportWorkerClient::OnTransportError - code=2 error=End of file
